2019-01-17 00:12:03,286 INFO basehttp "GET / HTTP/1.1" 200 32699
2019-01-17 00:12:03,368 INFO basehttp "GET /static/base.css HTTP/1.1" 200 2487
2019-01-17 00:12:03,384 INFO basehttp "GET /static/common-jquery.js HTTP/1.1" 200 2675
2019-01-17 00:12:03,388 INFO basehttp "GET /static/jquery-3.2.1.min.js HTTP/1.1" 200 86659
2019-01-17 00:12:03,391 INFO basehttp "GET /static/mysite/css/index.css HTTP/1.1" 200 5962
2019-01-17 00:12:03,397 INFO basehttp "GET /static/mysite/javascript/index.js HTTP/1.1" 200 2143
2019-01-17 00:12:03,455 INFO basehttp "GET /static/logo_w.png HTTP/1.1" 200 1202
2019-01-17 00:12:03,504 INFO basehttp "GET /upload/blog_main_img/8093a8e32692aab21154e42e268b0d62.jpg HTTP/1.1" 200 78163
2019-01-17 00:12:03,531 INFO basehttp "GET /upload/blog_main_img/81d409fb1af1033d557bd1e20e3c152d.jpg HTTP/1.1" 200 50522
2019-01-17 00:12:03,569 INFO basehttp "GET /upload/blog_main_img/8e55ef18b491eef894aa743dafa1b17a_2pkenHv.png HTTP/1.1" 200 168701
2019-01-17 00:12:03,589 INFO basehttp "GET /upload/blog_main_img/ac1f3567b3f539b243087a8cb5b104a1.jpg HTTP/1.1" 200 131000
2019-01-17 00:12:03,608 INFO basehttp "GET /upload/news_main_img/THq3-fyeimqy1894682.jpg HTTP/1.1" 200 31279
2019-01-17 00:12:03,624 INFO basehttp "GET /upload/news_main_img/41P2-fyeimqy2086098.jpg HTTP/1.1" 200 22917
2019-01-17 00:12:03,639 INFO basehttp "GET /upload/news_main_img/GNsc-fyeimrn2559266.jpg HTTP/1.1" 200 19290
2019-01-17 00:12:03,656 INFO basehttp "GET /upload/news_main_img/FPWT-fyeimqy2109864.jpg HTTP/1.1" 200 23870
2019-01-17 00:12:03,676 INFO basehttp "GET /upload/blog_main_img/c81e1d82ea8b47f5b305dfc336fd1967.jpg HTTP/1.1" 200 39237
2019-01-17 00:12:03,689 INFO basehttp "GET /upload/blog_main_img/46af689ebdc22795e65f8ccd560be1c7.jpg HTTP/1.1" 200 10904
2019-01-17 00:12:03,705 INFO basehttp "GET /upload/author_img/3412f12d76cfdeffe5ed1696b3b60e33.jpg HTTP/1.1" 200 7129
2019-01-17 00:12:03,720 INFO basehttp "GET /upload/author_img/80c34547616eb636c81ffa290f7ccf63.jpg HTTP/1.1" 200 11655
2019-01-17 00:12:03,839 INFO basehttp "GET /upload/url_logo/google.png HTTP/1.1" 200 422
2019-01-17 00:12:03,861 INFO basehttp "GET /upload/url_logo/baidu.ico HTTP/1.1" 200 5686
2019-01-17 00:12:03,876 INFO basehttp "GET /upload/url_logo/github.png HTTP/1.1" 200 331
2019-01-17 00:12:03,878 INFO basehttp "GET /upload/url_logo/stackoverflow.png HTTP/1.1" 200 427
2019-01-17 00:12:03,882 INFO basehttp "GET /upload/url_logo/quora.png HTTP/1.1" 200 513
2019-01-17 00:12:03,905 INFO basehttp "GET /upload/url_logo/csdn.png HTTP/1.1" 200 436
2019-01-17 00:12:03,914 INFO basehttp "GET /upload/url_logo/zhihu.ico HTTP/1.1" 200 6518
2019-01-17 00:12:03,919 INFO basehttp "GET /upload/url_logo/logo_osc.png HTTP/1.1" 200 2686
2019-01-17 00:12:03,926 INFO basehttp "GET /upload/url_logo/codeproject.ico HTTP/1.1" 200 10990
2019-01-17 00:12:03,933 INFO basehttp "GET /upload/url_logo/sf.png HTTP/1.1" 200 623
2019-01-17 00:12:04,003 INFO basehttp "GET /upload/url_logo/icon_rayps_64.png HTTP/1.1" 200 2451
2019-01-17 00:12:04,029 INFO basehttp "GET /upload/url_logo/jb51.png HTTP/1.1" 200 772
2019-01-17 00:12:04,041 INFO basehttp "GET /upload/url_logo/favicon.ico HTTP/1.1" 200 5430
2019-01-17 00:12:04,043 INFO basehttp "GET /upload/url_logo/coding.png HTTP/1.1" 200 563
2019-01-17 00:12:04,050 INFO basehttp "GET /upload/url_logo/cnblogs.ico HTTP/1.1" 200 5430
2019-01-17 00:12:04,057 INFO basehttp "GET /upload/url_logo/juejin.ico HTTP/1.1" 200 15086
2019-01-17 00:12:04,066 INFO basehttp "GET /upload/url_logo/jianshu.ico HTTP/1.1" 200 4286
2019-01-17 00:12:04,066 INFO basehttp "GET /upload/url_logo/36kr.ico HTTP/1.1" 200 6518
2019-01-17 00:12:04,092 INFO basehttp "GET /upload/url_logo/fi_aa997970.ico HTTP/1.1" 200 4286
2019-01-17 00:12:04,095 INFO basehttp "GET /upload/url_logo/aliyun.ico HTTP/1.1" 200 4286
2019-01-17 00:12:04,114 INFO basehttp "GET /static/mysite/images/icon/top.png HTTP/1.1" 200 2580
2019-01-17 00:12:04,124 INFO basehttp "GET /static/mysite/images/icon/feedback.png HTTP/1.1" 200 3582
2019-01-17 00:12:16,632 INFO basehttp "GET /news-index/ HTTP/1.1" 200 16883
2019-01-17 00:12:16,707 INFO basehttp "GET /static/mysite/javascript/news-index.js HTTP/1.1" 200 831
2019-01-17 00:12:16,710 INFO basehttp "GET /static/mysite/css/news-index.css HTTP/1.1" 200 2106
2019-01-17 00:12:16,760 INFO basehttp "GET /upload/news_main_img/hx-E-fyeimrn2567364.jpg HTTP/1.1" 200 13201
2019-01-17 00:12:16,787 INFO basehttp "GET /upload/news_main_img/ck9J-fyeimrn2553184.jpg HTTP/1.1" 200 19239
2019-01-17 00:12:17,828 INFO basehttp "GET /blog-index/ HTTP/1.1" 200 17594
2019-01-17 00:12:17,903 INFO basehttp "GET /static/mysite/css/blog-index.css HTTP/1.1" 200 3566
2019-01-17 00:12:17,934 INFO basehttp "GET /static/mysite/images/img/blog_main_img.jpg HTTP/1.1" 200 282720
2019-01-17 00:12:17,969 INFO basehttp "GET /upload/tag_img/javascript_js_32px_1069206_easyicon.net.png HTTP/1.1" 200 2815
2019-01-17 00:12:17,998 INFO basehttp "GET /upload/tag_img/mysql_32px_1069208_easyicon.net.png HTTP/1.1" 200 2952
2019-01-17 00:12:18,024 INFO basehttp "GET /upload/tag_img/prog_django_32px_1097193_easyicon.net.png HTTP/1.1" 200 1164
2019-01-17 00:12:18,043 INFO basehttp "GET /upload/tag_img/python_32px_1118083_easyicon.net_cF2X5s0.png HTTP/1.1" 200 1528
2019-01-17 00:12:18,062 INFO basehttp "GET /upload/tag_img/android_26.944507361268px_1202540_easyicon.net.png HTTP/1.1" 200 1438
2019-01-17 00:12:18,081 INFO basehttp "GET /upload/tag_img/prog_php_32px_1097219_easyicon.net.png HTTP/1.1" 200 1133
2019-01-17 00:12:18,102 INFO basehttp "GET /upload/tag_img/OS_Linux_32px_1180141_easyicon.net.png HTTP/1.1" 200 1884
2019-01-17 00:12:18,116 INFO basehttp "GET /upload/tag_img/00387b8ca1ad2adc31f6d81c7f9033d4.jpg HTTP/1.1" 200 7775
2019-01-17 00:12:18,140 INFO basehttp "GET /upload/blog_main_img/96e427c1b1cd0fc30b7a054e5ab4ddec.jpg HTTP/1.1" 200 43791
2019-01-17 00:12:18,156 INFO basehttp "GET /upload/author_img/4a289648559a7289777a0428e167edb1.jpg HTTP/1.1" 200 8086
2019-01-17 00:12:18,176 INFO basehttp "GET /upload/author_img/901da872f7ef6236a3e385c5e8d71ba0.jpg HTTP/1.1" 200 6242
2019-01-17 00:12:18,177 INFO basehttp "GET /upload/author_img/2c506549704cdc1b00d205aea8a921fe.jpg HTTP/1.1" 200 6344
2019-01-17 00:12:18,241 INFO basehttp "GET /static/mysite/images/icon/comment.png HTTP/1.1" 200 3758
2019-01-17 00:12:18,260 INFO basehttp "GET /static/mysite/images/icon/tuijian.png HTTP/1.1" 200 787
2019-01-17 00:12:19,318 INFO basehttp "GET /share-index/ HTTP/1.1" 200 4529
2019-01-17 00:12:19,363 INFO basehttp "GET /static/mysite/css/share-index.css HTTP/1.1" 200 1148
2019-01-17 00:12:20,752 INFO basehttp "GET /blog-index/ HTTP/1.1" 200 17594
2019-01-17 00:14:03,900 INFO basehttp "GET /blog-index/ HTTP/1.1" 200 17594
2019-01-17 00:14:04,662 INFO basehttp "GET /static/m.png HTTP/1.1" 200 307
2019-01-17 00:14:17,178 INFO basehttp "GET /blog-index/ HTTP/1.1" 200 17585
2019-01-17 00:14:17,819 INFO basehttp "GET /static/m.png HTTP/1.1" 200 307
2019-01-17 00:15:03,382 INFO basehttp "GET /blog-index/ HTTP/1.1" 200 17545
2019-01-17 00:15:03,939 INFO basehttp "GET /static/m.png HTTP/1.1" 200 307
2019-01-17 00:15:32,020 INFO basehttp "GET /blog-index/ HTTP/1.1" 200 17544
2019-01-17 00:15:32,076 INFO basehttp "GET /static/base.css HTTP/1.1" 200 2487
2019-01-17 00:15:32,084 INFO basehttp "GET /static/mysite/css/blog-index.css HTTP/1.1" 200 3556
2019-01-17 00:15:32,087 INFO basehttp "GET /static/common-jquery.js HTTP/1.1" 200 2675
2019-01-17 00:15:32,108 INFO basehttp "GET /static/jquery-3.2.1.min.js HTTP/1.1" 200 86659
2019-01-17 00:15:32,159 INFO basehttp "GET /static/logo_w.png HTTP/1.1" 200 1202
2019-01-17 00:15:32,195 INFO basehttp "GET /static/mysite/images/img/blog_main_img.jpg HTTP/1.1" 200 282720
2019-01-17 00:15:32,209 INFO basehttp "GET /upload/tag_img/javascript_js_32px_1069206_easyicon.net.png HTTP/1.1" 200 2815
2019-01-17 00:15:32,223 INFO basehttp "GET /upload/tag_img/mysql_32px_1069208_easyicon.net.png HTTP/1.1" 200 2952
2019-01-17 00:15:32,238 INFO basehttp "GET /upload/tag_img/prog_django_32px_1097193_easyicon.net.png HTTP/1.1" 200 1164
2019-01-17 00:15:32,253 INFO basehttp "GET /upload/tag_img/python_32px_1118083_easyicon.net_cF2X5s0.png HTTP/1.1" 200 1528
2019-01-17 00:15:32,273 INFO basehttp "GET /upload/tag_img/android_26.944507361268px_1202540_easyicon.net.png HTTP/1.1" 200 1438
2019-01-17 00:15:32,289 INFO basehttp "GET /upload/tag_img/prog_php_32px_1097219_easyicon.net.png HTTP/1.1" 200 1133
2019-01-17 00:15:32,307 INFO basehttp "GET /upload/tag_img/OS_Linux_32px_1180141_easyicon.net.png HTTP/1.1" 200 1884
2019-01-17 00:15:32,323 INFO basehttp "GET /upload/tag_img/00387b8ca1ad2adc31f6d81c7f9033d4.jpg HTTP/1.1" 200 7775
2019-01-17 00:15:32,345 INFO basehttp "GET /upload/blog_main_img/96e427c1b1cd0fc30b7a054e5ab4ddec.jpg HTTP/1.1" 200 43791
2019-01-17 00:15:32,359 INFO basehttp "GET /upload/author_img/4a289648559a7289777a0428e167edb1.jpg HTTP/1.1" 200 8086
2019-01-17 00:15:32,378 INFO basehttp "GET /upload/author_img/2c506549704cdc1b00d205aea8a921fe.jpg HTTP/1.1" 200 6344
2019-01-17 00:15:32,406 INFO basehttp "GET /upload/author_img/901da872f7ef6236a3e385c5e8d71ba0.jpg HTTP/1.1" 200 6242
2019-01-17 00:15:32,452 INFO basehttp "GET /upload/author_img/3412f12d76cfdeffe5ed1696b3b60e33.jpg HTTP/1.1" 200 7129
2019-01-17 00:15:32,474 INFO basehttp "GET /upload/blog_main_img/46af689ebdc22795e65f8ccd560be1c7.jpg HTTP/1.1" 200 10904
2019-01-17 00:15:32,496 INFO basehttp "GET /upload/author_img/80c34547616eb636c81ffa290f7ccf63.jpg HTTP/1.1" 200 11655
2019-01-17 00:15:32,683 INFO basehttp "GET /static/mysite/images/icon/comment.png HTTP/1.1" 200 3758
2019-01-17 00:15:32,710 INFO basehttp "GET /static/mysite/images/icon/top.png HTTP/1.1" 200 2580
2019-01-17 00:15:32,718 INFO basehttp "GET /static/mysite/images/icon/feedback.png HTTP/1.1" 200 3582
2019-01-17 00:15:32,723 INFO basehttp "GET /static/mysite/images/icon/tuijian.png HTTP/1.1" 200 787
2019-01-17 00:15:32,825 INFO basehttp "GET /static/m.png HTTP/1.1" 200 307
2019-01-17 00:16:09,406 INFO basehttp "GET / HTTP/1.1" 200 32699
2019-01-17 00:16:32,570 INFO basehttp "GET / HTTP/1.1" 200 32699
2019-01-17 00:16:33,247 INFO basehttp "GET /static/m.png HTTP/1.1" 200 307
2019-01-17 00:16:35,437 INFO basehttp "GET / HTTP/1.1" 200 32699
2019-01-17 00:16:36,161 INFO basehttp "GET /static/m.png HTTP/1.1" 200 307
2019-01-17 00:17:19,693 INFO basehttp "GET / HTTP/1.1" 200 32699
2019-01-17 00:17:20,283 INFO basehttp "GET /static/m.png HTTP/1.1" 200 307
2019-01-17 00:17:22,115 INFO basehttp "GET / HTTP/1.1" 200 32699
2019-01-17 00:17:22,189 INFO basehttp "GET /static/base.css HTTP/1.1" 200 2487
2019-01-17 00:17:22,207 INFO basehttp "GET /static/jquery-3.2.1.min.js HTTP/1.1" 200 86659
2019-01-17 00:17:22,225 INFO basehttp "GET /static/common-jquery.js HTTP/1.1" 200 2675
2019-01-17 00:17:22,230 INFO basehttp "GET /static/mysite/javascript/index.js HTTP/1.1" 200 2143
2019-01-17 00:17:22,231 INFO basehttp "GET /static/mysite/css/index.css HTTP/1.1" 200 5939
2019-01-17 00:17:22,276 INFO basehttp "GET /static/logo_w.png HTTP/1.1" 200 1202
2019-01-17 00:17:22,297 INFO basehttp "GET /upload/blog_main_img/8093a8e32692aab21154e42e268b0d62.jpg HTTP/1.1" 200 78163
2019-01-17 00:17:22,315 INFO basehttp "GET /upload/blog_main_img/81d409fb1af1033d557bd1e20e3c152d.jpg HTTP/1.1" 200 50522
2019-01-17 00:17:22,343 INFO basehttp "GET /upload/blog_main_img/8e55ef18b491eef894aa743dafa1b17a_2pkenHv.png HTTP/1.1" 200 168701
2019-01-17 00:17:22,362 INFO basehttp "GET /upload/blog_main_img/ac1f3567b3f539b243087a8cb5b104a1.jpg HTTP/1.1" 200 131000
2019-01-17 00:17:22,376 INFO basehttp "GET /upload/news_main_img/THq3-fyeimqy1894682.jpg HTTP/1.1" 200 31279
2019-01-17 00:17:22,398 INFO basehttp "GET /upload/news_main_img/41P2-fyeimqy2086098.jpg HTTP/1.1" 200 22917
2019-01-17 00:17:22,415 INFO basehttp "GET /upload/news_main_img/GNsc-fyeimrn2559266.jpg HTTP/1.1" 200 19290
2019-01-17 00:17:22,434 INFO basehttp "GET /upload/news_main_img/FPWT-fyeimqy2109864.jpg HTTP/1.1" 200 23870
2019-01-17 00:17:22,454 INFO basehttp "GET /upload/blog_main_img/c81e1d82ea8b47f5b305dfc336fd1967.jpg HTTP/1.1" 200 39237
2019-01-17 00:17:22,468 INFO basehttp "GET /upload/blog_main_img/46af689ebdc22795e65f8ccd560be1c7.jpg HTTP/1.1" 200 10904
2019-01-17 00:17:22,484 INFO basehttp "GET /upload/author_img/3412f12d76cfdeffe5ed1696b3b60e33.jpg HTTP/1.1" 200 7129
2019-01-17 00:17:22,507 INFO basehttp "GET /upload/author_img/80c34547616eb636c81ffa290f7ccf63.jpg HTTP/1.1" 200 11655
2019-01-17 00:17:22,735 INFO basehttp "GET /upload/url_logo/google.png HTTP/1.1" 200 422
2019-01-17 00:17:22,737 INFO basehttp "GET /upload/url_logo/github.png HTTP/1.1" 200 331
2019-01-17 00:17:22,737 INFO basehttp "GET /upload/url_logo/baidu.ico HTTP/1.1" 200 5686
2019-01-17 00:17:22,738 INFO basehttp "GET /upload/url_logo/zhihu.ico HTTP/1.1" 200 6518
2019-01-17 00:17:22,738 INFO basehttp "GET /upload/url_logo/stackoverflow.png HTTP/1.1" 200 427
2019-01-17 00:17:22,745 INFO basehttp "GET /upload/url_logo/quora.png HTTP/1.1" 200 513
2019-01-17 00:17:22,787 INFO basehttp "GET /upload/url_logo/logo_osc.png HTTP/1.1" 200 2686
2019-01-17 00:17:22,788 INFO basehttp "GET /upload/url_logo/csdn.png HTTP/1.1" 200 436
2019-01-17 00:17:22,791 INFO basehttp "GET /upload/url_logo/juejin.ico HTTP/1.1" 200 15086
2019-01-17 00:17:22,825 INFO basehttp "GET /upload/url_logo/sf.png HTTP/1.1" 200 623
2019-01-17 00:17:22,829 INFO basehttp "GET /upload/url_logo/codeproject.ico HTTP/1.1" 200 10990
2019-01-17 00:17:22,842 INFO basehttp "GET /static/mysite/images/icon/feedback.png HTTP/1.1" 200 3582
2019-01-17 00:17:22,856 INFO basehttp "GET /upload/url_logo/coding.png HTTP/1.1" 200 563
2019-01-17 00:17:22,885 INFO basehttp "GET /upload/url_logo/icon_rayps_64.png HTTP/1.1" 200 2451
2019-01-17 00:17:22,890 INFO basehttp "GET /upload/url_logo/cnblogs.ico HTTP/1.1" 200 5430
2019-01-17 00:17:22,911 INFO basehttp "GET /upload/url_logo/jb51.png HTTP/1.1" 200 772
2019-01-17 00:17:22,920 INFO basehttp "GET /upload/url_logo/favicon.ico HTTP/1.1" 200 5430
2019-01-17 00:17:22,944 INFO basehttp "GET /upload/url_logo/36kr.ico HTTP/1.1" 200 6518
2019-01-17 00:17:22,949 INFO basehttp "GET /upload/url_logo/jianshu.ico HTTP/1.1" 200 4286
2019-01-17 00:17:22,976 INFO basehttp "GET /upload/url_logo/fi_aa997970.ico HTTP/1.1" 200 4286
2019-01-17 00:17:22,984 INFO basehttp "GET /upload/url_logo/aliyun.ico HTTP/1.1" 200 4286
2019-01-17 00:17:23,011 INFO basehttp "GET /static/mysite/images/icon/top.png HTTP/1.1" 200 2580
2019-01-17 00:17:23,071 INFO basehttp "GET /static/m.png HTTP/1.1" 200 307
2019-01-17 00:18:05,763 INFO basehttp "GET / HTTP/1.1" 200 32699
2019-01-17 00:18:05,854 INFO basehttp "GET /static/mysite/css/index.css HTTP/1.1" 200 5927
2019-01-17 00:18:06,446 INFO basehttp "GET /static/m.png HTTP/1.1" 200 307
2019-01-17 00:18:06,950 INFO basehttp "GET / HTTP/1.1" 200 32699
2019-01-17 00:18:07,035 INFO basehttp "GET /static/mysite/css/index.css HTTP/1.1" 304 0
2019-01-17 00:18:07,571 INFO basehttp "GET /static/m.png HTTP/1.1" 200 307
2019-01-17 00:18:08,013 INFO basehttp "GET / HTTP/1.1" 200 32699
2019-01-17 00:18:08,065 INFO basehttp "GET /static/mysite/css/index.css HTTP/1.1" 304 0
2019-01-17 00:18:08,463 INFO basehttp "GET /static/m.png HTTP/1.1" 200 307
2019-01-17 00:18:13,385 INFO basehttp "GET / HTTP/1.1" 200 32699
2019-01-17 00:18:13,441 INFO basehttp "GET /static/base.css HTTP/1.1" 200 2487
2019-01-17 00:18:13,497 INFO basehttp "GET /static/jquery-3.2.1.min.js HTTP/1.1" 200 86659
2019-01-17 00:18:13,559 INFO basehttp "GET /static/common-jquery.js HTTP/1.1" 200 2675
2019-01-17 00:18:13,570 INFO basehttp "GET /static/mysite/css/index.css HTTP/1.1" 200 5927
2019-01-17 00:18:13,574 INFO basehttp "GET /static/mysite/javascript/index.js HTTP/1.1" 200 2143
2019-01-17 00:18:13,629 INFO basehttp "GET /static/logo_w.png HTTP/1.1" 200 1202
2019-01-17 00:18:13,670 INFO basehttp "GET /upload/blog_main_img/8093a8e32692aab21154e42e268b0d62.jpg HTTP/1.1" 200 78163
2019-01-17 00:18:13,695 INFO basehttp "GET /upload/blog_main_img/81d409fb1af1033d557bd1e20e3c152d.jpg HTTP/1.1" 200 50522
2019-01-17 00:18:13,730 INFO basehttp "GET /upload/blog_main_img/8e55ef18b491eef894aa743dafa1b17a_2pkenHv.png HTTP/1.1" 200 168701
2019-01-17 00:18:13,768 INFO basehttp "GET /upload/blog_main_img/ac1f3567b3f539b243087a8cb5b104a1.jpg HTTP/1.1" 200 131000
2019-01-17 00:18:13,798 INFO basehttp "GET /upload/news_main_img/THq3-fyeimqy1894682.jpg HTTP/1.1" 200 31279
2019-01-17 00:18:13,819 INFO basehttp "GET /upload/news_main_img/41P2-fyeimqy2086098.jpg HTTP/1.1" 200 22917
2019-01-17 00:18:13,869 INFO basehttp "GET /upload/news_main_img/GNsc-fyeimrn2559266.jpg HTTP/1.1" 200 19290
2019-01-17 00:18:13,879 INFO basehttp "GET /upload/news_main_img/FPWT-fyeimqy2109864.jpg HTTP/1.1" 200 23870
2019-01-17 00:18:13,909 INFO basehttp "GET /upload/blog_main_img/c81e1d82ea8b47f5b305dfc336fd1967.jpg HTTP/1.1" 200 39237
2019-01-17 00:18:13,927 INFO basehttp "GET /upload/blog_main_img/46af689ebdc22795e65f8ccd560be1c7.jpg HTTP/1.1" 200 10904
2019-01-17 00:18:13,947 INFO basehttp "GET /upload/author_img/3412f12d76cfdeffe5ed1696b3b60e33.jpg HTTP/1.1" 200 7129
2019-01-17 00:18:13,965 INFO basehttp "GET /upload/author_img/80c34547616eb636c81ffa290f7ccf63.jpg HTTP/1.1" 200 11655
2019-01-17 00:18:14,015 INFO basehttp "GET /upload/url_logo/google.png HTTP/1.1" 200 422
2019-01-17 00:18:14,020 INFO basehttp "GET /upload/url_logo/baidu.ico HTTP/1.1" 200 5686
2019-01-17 00:18:14,066 INFO basehttp "GET /upload/url_logo/github.png HTTP/1.1" 200 331
2019-01-17 00:18:14,090 INFO basehttp "GET /upload/url_logo/zhihu.ico HTTP/1.1" 200 6518
2019-01-17 00:18:14,090 INFO basehttp "GET /upload/url_logo/stackoverflow.png HTTP/1.1" 200 427
2019-01-17 00:18:14,095 INFO basehttp "GET /upload/url_logo/quora.png HTTP/1.1" 200 513
2019-01-17 00:18:14,141 INFO basehttp "GET /upload/url_logo/csdn.png HTTP/1.1" 200 436
2019-01-17 00:18:14,157 INFO basehttp "GET /upload/url_logo/logo_osc.png HTTP/1.1" 200 2686
2019-01-17 00:18:14,193 INFO basehttp "GET /static/mysite/images/icon/feedback.png HTTP/1.1" 200 3582
2019-01-17 00:18:14,183 INFO basehttp "GET /upload/url_logo/codeproject.ico HTTP/1.1" 200 10990
2019-01-17 00:18:14,383 INFO basehttp "GET /upload/url_logo/coding.png HTTP/1.1" 200 563
2019-01-17 00:18:14,385 INFO basehttp "GET /upload/url_logo/juejin.ico HTTP/1.1" 200 15086
2019-01-17 00:18:14,393 INFO basehttp "GET /upload/url_logo/sf.png HTTP/1.1" 200 623
2019-01-17 00:18:14,418 INFO basehttp "GET /upload/url_logo/icon_rayps_64.png HTTP/1.1" 200 2451
2019-01-17 00:18:14,432 INFO basehttp "GET /upload/url_logo/jb51.png HTTP/1.1" 200 772
2019-01-17 00:18:14,437 INFO basehttp "GET /upload/url_logo/cnblogs.ico HTTP/1.1" 200 5430
2019-01-17 00:18:14,464 INFO basehttp "GET /upload/url_logo/36kr.ico HTTP/1.1" 200 6518
2019-01-17 00:18:14,473 INFO basehttp "GET /upload/url_logo/favicon.ico HTTP/1.1" 200 5430
2019-01-17 00:18:14,510 INFO basehttp "GET /upload/url_logo/fi_aa997970.ico HTTP/1.1" 200 4286
2019-01-17 00:18:14,510 INFO basehttp "GET /upload/url_logo/aliyun.ico HTTP/1.1" 200 4286
2019-01-17 00:18:14,519 INFO basehttp "GET /static/mysite/images/icon/top.png HTTP/1.1" 200 2580
2019-01-17 00:18:14,513 INFO basehttp "GET /upload/url_logo/jianshu.ico HTTP/1.1" 200 4286
2019-01-17 00:18:14,580 INFO basehttp "GET /static/m.png HTTP/1.1" 200 307
2019-01-17 00:18:46,788 INFO basehttp "GET / HTTP/1.1" 200 32699
2019-01-17 00:18:46,846 INFO basehttp "GET /static/mysite/css/index.css HTTP/1.1" 200 5923
2019-01-17 00:18:47,456 INFO basehttp "GET /static/m.png HTTP/1.1" 200 307
2019-01-17 00:19:57,962 INFO basehttp "GET / HTTP/1.1" 200 32699
2019-01-17 00:19:58,023 INFO basehttp "GET /static/mysite/css/index.css HTTP/1.1" 200 6565
2019-01-17 00:19:58,612 INFO basehttp "GET /static/m.png HTTP/1.1" 200 307
2019-01-17 00:20:03,600 INFO basehttp "GET /login/ HTTP/1.1" 200 2976
2019-01-17 00:20:03,684 INFO basehttp "GET /static/user_admin/css/login.css HTTP/1.1" 200 994
2019-01-17 00:20:08,940 INFO basehttp "POST /login/ HTTP/1.1" 302 0
2019-01-17 00:20:09,055 INFO basehttp "GET / HTTP/1.1" 200 32759
2019-01-17 00:20:09,114 INFO basehttp "GET /static/mysite/css/index.css HTTP/1.1" 304 0
2019-01-17 00:20:12,515 INFO basehttp "GET /useradmin/ HTTP/1.1" 200 3920
2019-01-17 00:20:12,671 INFO basehttp "GET /static/useradmin_base.css HTTP/1.1" 200 1543
2019-01-17 00:20:12,714 INFO basehttp "GET /upload/author_img/user_normal.jpg HTTP/1.1" 200 1393
2019-01-17 00:20:19,675 INFO basehttp "GET /useradmin/change_password HTTP/1.1" 200 5220
2019-01-17 00:20:19,750 INFO basehttp "GET /static/user_admin/css/useradmin_change_password.css HTTP/1.1" 200 672
2019-01-17 00:20:19,797 INFO basehttp "GET /static/user_admin/javascript/change_password_jquery.js HTTP/1.1" 200 1164
2019-01-17 00:20:24,761 INFO basehttp "GET /useradmin/ HTTP/1.1" 200 3920
2019-01-17 00:20:26,437 INFO basehttp "GET / HTTP/1.1" 200 32759
2019-01-17 00:20:26,522 INFO basehttp "GET /static/mysite/css/index.css HTTP/1.1" 304 0
2019-01-17 00:30:05,383 INFO basehttp "POST /ajax_feedback/ HTTP/1.1" 200 4
2019-01-17 00:30:44,039 INFO basehttp "GET /logout/ HTTP/1.1" 302 0
2019-01-17 00:30:44,145 INFO basehttp "GET / HTTP/1.1" 200 32699
2019-01-17 00:30:44,226 INFO basehttp "GET /static/mysite/css/index.css HTTP/1.1" 304 0
2019-01-17 00:30:46,063 INFO basehttp "GET /login/ HTTP/1.1" 200 2976
2019-01-17 00:30:47,991 INFO basehttp "GET /register/ HTTP/1.1" 200 3636
2019-01-17 00:30:48,046 INFO basehttp "GET /static/user_admin/css/register.css HTTP/1.1" 200 992
2019-01-17 00:30:48,063 INFO basehttp "GET /static/user_admin/javascript/register_jquery.js HTTP/1.1" 200 1564
2019-01-17 00:30:49,890 INFO basehttp "GET / HTTP/1.1" 200 32699
2019-01-17 00:30:53,688 INFO basehttp "GET /news-index/19/ HTTP/1.1" 200 13794
2019-01-17 00:30:53,745 INFO basehttp "GET /static/mysite/css/news-detail.css HTTP/1.1" 200 2464
2019-01-17 00:30:53,968 INFO basehttp "GET /upload/author_img/3412f12d76cfdeffe5ed1696b3b60e33_xoruRYc.jpg HTTP/1.1" 200 7129
2019-01-17 00:30:53,978 INFO basehttp "GET /upload/author_img/4a289648559a7289777a0428e167edb1.jpg HTTP/1.1" 200 8086
2019-01-17 00:30:53,990 INFO basehttp "GET /upload/author_img/2c6598ec0793ac41af46dd7f2900207b.jpg HTTP/1.1" 200 6612
2019-01-17 00:30:53,992 INFO basehttp "GET /upload/author_img/901da872f7ef6236a3e385c5e8d71ba0.jpg HTTP/1.1" 200 6242
2019-01-17 00:30:58,337 INFO basehttp "GET /news-index/14/ HTTP/1.1" 200 9313
2019-01-17 00:31:01,022 INFO basehttp "GET /news-index/19/ HTTP/1.1" 200 13794
2019-01-18 14:44:13,068 INFO basehttp "GET / HTTP/1.1" 200 32699
2019-01-18 14:44:14,770 INFO basehttp "GET /static/base.css HTTP/1.1" 200 2487
2019-01-18 14:44:14,802 INFO basehttp "GET /static/jquery-3.2.1.min.js HTTP/1.1" 200 86659
2019-01-18 14:44:14,843 INFO basehttp "GET /static/common-jquery.js HTTP/1.1" 200 2675
2019-01-18 14:44:14,870 INFO basehttp "GET /static/mysite/css/index.css HTTP/1.1" 200 6565
2019-01-18 14:44:14,881 INFO basehttp "GET /static/mysite/javascript/index.js HTTP/1.1" 200 2143
2019-01-18 14:44:15,149 INFO basehttp "GET /static/logo_w.png HTTP/1.1" 200 1202
2019-01-18 14:44:15,218 INFO basehttp "GET /upload/blog_main_img/8093a8e32692aab21154e42e268b0d62.jpg HTTP/1.1" 200 78163
2019-01-18 14:44:15,288 INFO basehttp "GET /upload/blog_main_img/81d409fb1af1033d557bd1e20e3c152d.jpg HTTP/1.1" 200 50522
2019-01-18 14:44:15,302 INFO basehttp "GET /upload/news_main_img/THq3-fyeimqy1894682.jpg HTTP/1.1" 200 31279
2019-01-18 14:44:15,326 INFO basehttp "GET /upload/blog_main_img/8e55ef18b491eef894aa743dafa1b17a_2pkenHv.png HTTP/1.1" 200 168701
2019-01-18 14:44:15,327 INFO basehttp "GET /upload/blog_main_img/ac1f3567b3f539b243087a8cb5b104a1.jpg HTTP/1.1" 200 131000
2019-01-18 14:44:15,337 INFO basehttp "GET /upload/news_main_img/GNsc-fyeimrn2559266.jpg HTTP/1.1" 200 19290
2019-01-18 14:44:15,354 INFO basehttp "GET /upload/news_main_img/41P2-fyeimqy2086098.jpg HTTP/1.1" 200 22917
2019-01-18 14:44:15,361 INFO basehttp "GET /upload/news_main_img/FPWT-fyeimqy2109864.jpg HTTP/1.1" 200 23870
2019-01-18 14:44:15,385 INFO basehttp "GET /upload/blog_main_img/c81e1d82ea8b47f5b305dfc336fd1967.jpg HTTP/1.1" 200 39237
2019-01-18 14:44:15,407 INFO basehttp "GET /upload/blog_main_img/46af689ebdc22795e65f8ccd560be1c7.jpg HTTP/1.1" 200 10904
2019-01-18 14:44:15,411 INFO basehttp "GET /upload/author_img/3412f12d76cfdeffe5ed1696b3b60e33.jpg HTTP/1.1" 200 7129
2019-01-18 14:44:15,435 INFO basehttp "GET /upload/author_img/80c34547616eb636c81ffa290f7ccf63.jpg HTTP/1.1" 200 11655
2019-01-18 14:44:15,451 INFO basehttp "GET /upload/url_logo/google.png HTTP/1.1" 200 422
2019-01-18 14:44:15,457 INFO basehttp "GET /upload/url_logo/baidu.ico HTTP/1.1" 200 5686
2019-01-18 14:44:15,468 INFO basehttp "GET /upload/url_logo/github.png HTTP/1.1" 200 331
2019-01-18 14:44:15,481 INFO basehttp "GET /upload/url_logo/stackoverflow.png HTTP/1.1" 200 427
2019-01-18 14:44:15,494 INFO basehttp "GET /upload/url_logo/zhihu.ico HTTP/1.1" 200 6518
2019-01-18 14:44:15,534 INFO basehttp "GET /upload/url_logo/quora.png HTTP/1.1" 200 513
2019-01-18 14:44:15,543 INFO basehttp "GET /upload/url_logo/csdn.png HTTP/1.1" 200 436
2019-01-18 14:44:15,549 INFO basehttp "GET /upload/url_logo/logo_osc.png HTTP/1.1" 200 2686
2019-01-18 14:44:15,550 INFO basehttp "GET /upload/url_logo/juejin.ico HTTP/1.1" 200 15086
2019-01-18 14:44:15,570 INFO basehttp "GET /upload/url_logo/sf.png HTTP/1.1" 200 623
2019-01-18 14:44:15,572 INFO basehttp "GET /upload/url_logo/codeproject.ico HTTP/1.1" 200 10990
2019-01-18 14:44:15,588 INFO basehttp "GET /upload/url_logo/coding.png HTTP/1.1" 200 563
2019-01-18 14:44:15,601 INFO basehttp "GET /upload/url_logo/cnblogs.ico HTTP/1.1" 200 5430
2019-01-18 14:44:15,617 INFO basehttp "GET /upload/url_logo/icon_rayps_64.png HTTP/1.1" 200 2451
2019-01-18 14:44:15,619 INFO basehttp "GET /upload/url_logo/jb51.png HTTP/1.1" 200 772
2019-01-18 14:44:15,634 INFO basehttp "GET /upload/url_logo/favicon.ico HTTP/1.1" 200 5430
2019-01-18 14:44:15,646 INFO basehttp "GET /upload/url_logo/36kr.ico HTTP/1.1" 200 6518
2019-01-18 14:44:15,656 INFO basehttp "GET /upload/url_logo/jianshu.ico HTTP/1.1" 200 4286
2019-01-18 14:44:15,668 INFO basehttp "GET /upload/url_logo/fi_aa997970.ico HTTP/1.1" 200 4286
2019-01-18 14:44:15,681 INFO basehttp "GET /upload/url_logo/aliyun.ico HTTP/1.1" 200 4286
2019-01-18 14:44:15,696 INFO basehttp "GET /static/mysite/images/icon/top.png HTTP/1.1" 200 2580
2019-01-18 14:44:15,708 INFO basehttp "GET /static/mysite/images/icon/feedback.png HTTP/1.1" 200 3582
2019-01-18 15:29:56,955 INFO basehttp "GET /news-index/ HTTP/1.1" 200 16883
2019-01-18 15:29:57,023 INFO basehttp "GET /static/mysite/javascript/news-index.js HTTP/1.1" 200 831
2019-01-18 15:29:57,024 INFO basehttp "GET /static/mysite/css/news-index.css HTTP/1.1" 200 2106
2019-01-18 15:29:57,124 INFO basehttp "GET /upload/news_main_img/hx-E-fyeimrn2567364.jpg HTTP/1.1" 200 13201
2019-01-18 15:29:57,153 INFO basehttp "GET /upload/news_main_img/ck9J-fyeimrn2553184.jpg HTTP/1.1" 200 19239
2019-01-18 15:29:58,095 INFO basehttp "GET /blog-index/ HTTP/1.1" 200 17544
2019-01-18 15:29:58,182 INFO basehttp "GET /static/mysite/css/blog-index.css HTTP/1.1" 200 3910
2019-01-18 15:29:58,217 INFO basehttp "GET /static/mysite/images/img/blog_main_img.jpg HTTP/1.1" 200 282720
2019-01-18 15:29:58,243 INFO basehttp "GET /upload/tag_img/javascript_js_32px_1069206_easyicon.net.png HTTP/1.1" 200 2815
2019-01-18 15:29:58,258 INFO basehttp "GET /upload/tag_img/mysql_32px_1069208_easyicon.net.png HTTP/1.1" 200 2952
2019-01-18 15:29:58,275 INFO basehttp "GET /upload/tag_img/prog_django_32px_1097193_easyicon.net.png HTTP/1.1" 200 1164
2019-01-18 15:29:58,293 INFO basehttp "GET /upload/tag_img/python_32px_1118083_easyicon.net_cF2X5s0.png HTTP/1.1" 200 1528
2019-01-18 15:29:58,308 INFO basehttp "GET /upload/tag_img/android_26.944507361268px_1202540_easyicon.net.png HTTP/1.1" 200 1438
2019-01-18 15:29:58,323 INFO basehttp "GET /upload/tag_img/prog_php_32px_1097219_easyicon.net.png HTTP/1.1" 200 1133
2019-01-18 15:29:58,337 INFO basehttp "GET /upload/tag_img/OS_Linux_32px_1180141_easyicon.net.png HTTP/1.1" 200 1884
2019-01-18 15:29:58,351 INFO basehttp "GET /upload/tag_img/00387b8ca1ad2adc31f6d81c7f9033d4.jpg HTTP/1.1" 200 7775
2019-01-18 15:29:58,370 INFO basehttp "GET /upload/blog_main_img/96e427c1b1cd0fc30b7a054e5ab4ddec.jpg HTTP/1.1" 200 43791
2019-01-18 15:29:58,386 INFO basehttp "GET /upload/author_img/4a289648559a7289777a0428e167edb1.jpg HTTP/1.1" 200 8086
2019-01-18 15:29:58,400 INFO basehttp "GET /upload/author_img/2c506549704cdc1b00d205aea8a921fe.jpg HTTP/1.1" 200 6344
2019-01-18 15:29:58,414 INFO basehttp "GET /upload/author_img/901da872f7ef6236a3e385c5e8d71ba0.jpg HTTP/1.1" 200 6242
2019-01-18 15:29:58,489 INFO basehttp "GET /static/mysite/images/icon/comment.png HTTP/1.1" 200 3758
2019-01-18 15:29:58,505 INFO basehttp "GET /static/mysite/images/icon/tuijian.png HTTP/1.1" 200 787
2019-01-18 22:35:59,978 WARNING basehttp "GET /api/action_num/ HTTP/1.1" 404 5359
2019-01-18 22:36:00,002 WARNING basehttp "GET /api/visite_num/1/ HTTP/1.1" 404 5365
2019-01-18 22:36:00,019 WARNING basehttp "GET /api/base_info/ HTTP/1.1" 404 5356
2019-01-18 22:36:00,075 WARNING basehttp "GET /api/edu_info/ HTTP/1.1" 404 5353
2019-01-18 22:36:00,093 WARNING basehttp "GET /api/job_info/ HTTP/1.1" 404 5353
2019-01-18 22:36:00,132 WARNING basehttp "GET /api/certificate_info/ HTTP/1.1" 404 5377
2019-01-18 22:36:00,135 WARNING basehttp "GET /api/stack_info/ HTTP/1.1" 404 5359
2019-01-18 22:36:00,142 WARNING basehttp "GET /api/pro_info/ HTTP/1.1" 404 5353
2019-01-18 22:36:03,503 WARNING basehttp "GET /api/action_num/ HTTP/1.1" 404 5359
2019-01-18 22:36:03,503 WARNING basehttp "GET /api/base_info/ HTTP/1.1" 404 5356
2019-01-18 22:36:03,504 WARNING basehttp "GET /api/visite_num/1/ HTTP/1.1" 404 5365
2019-01-18 22:36:03,539 WARNING basehttp "GET /api/edu_info/ HTTP/1.1" 404 5353
2019-01-18 22:36:03,576 WARNING basehttp "GET /api/certificate_info/ HTTP/1.1" 404 5377
2019-01-18 22:36:03,613 WARNING basehttp "GET /api/stack_info/ HTTP/1.1" 404 5359
2019-01-18 22:36:03,617 WARNING basehttp "GET /api/pro_info/ HTTP/1.1" 404 5353
2019-01-18 22:36:03,618 WARNING basehttp "GET /api/job_info/ HTTP/1.1" 404 5353
2019-01-18 22:36:05,691 WARNING basehttp "OPTIONS /api/message_info/ HTTP/1.1" 404 5369
2019-01-18 22:36:17,861 WARNING basehttp "GET /api/action_num/ HTTP/1.1" 404 5359
2019-01-18 22:36:17,862 WARNING basehttp "GET /api/base_info/ HTTP/1.1" 404 5356
2019-01-18 22:36:17,903 WARNING basehttp "GET /api/certificate_info/ HTTP/1.1" 404 5377
2019-01-18 22:36:17,916 WARNING basehttp "GET /api/visite_num/1/ HTTP/1.1" 404 5365
2019-01-18 22:36:17,937 WARNING basehttp "GET /api/edu_info/ HTTP/1.1" 404 5353
2019-01-18 22:36:17,938 WARNING basehttp "GET /api/job_info/ HTTP/1.1" 404 5353
2019-01-18 22:36:17,938 WARNING basehttp "GET /api/stack_info/ HTTP/1.1" 404 5359
2019-01-18 22:36:17,939 WARNING basehttp "GET /api/pro_info/ HTTP/1.1" 404 5353
2019-01-18 22:36:32,450 WARNING basehttp "GET /api/action_num/ HTTP/1.1" 404 5359
2019-01-18 22:36:32,478 WARNING basehttp "GET /api/certificate_info/ HTTP/1.1" 404 5377
2019-01-18 22:36:32,490 WARNING basehttp "GET /api/job_info/ HTTP/1.1" 404 5353
2019-01-18 22:36:32,490 WARNING basehttp "GET /api/visite_num/1/ HTTP/1.1" 404 5365
2019-01-18 22:36:32,550 WARNING basehttp "GET /api/edu_info/ HTTP/1.1" 404 5353
2019-01-18 22:36:32,566 WARNING basehttp "GET /api/base_info/ HTTP/1.1" 404 5356
2019-01-18 22:36:32,581 WARNING basehttp "GET /api/stack_info/ HTTP/1.1" 404 5359
2019-01-18 22:36:32,597 WARNING basehttp "GET /api/pro_info/ HTTP/1.1" 404 5353
2019-01-18 22:38:52,268 WARNING basehttp "GET /api/visite_num/1/ HTTP/1.1" 404 5365
2019-01-18 22:38:52,274 WARNING basehttp "GET /api/base_info/ HTTP/1.1" 404 5356
2019-01-18 22:38:52,276 WARNING basehttp "GET /api/action_num/ HTTP/1.1" 404 5359
2019-01-18 22:38:52,312 WARNING basehttp "GET /api/edu_info/ HTTP/1.1" 404 5353
2019-01-18 22:38:52,364 WARNING basehttp "GET /api/pro_info/ HTTP/1.1" 404 5353
2019-01-18 22:38:52,380 WARNING basehttp "GET /api/certificate_info/ HTTP/1.1" 404 5377
2019-01-18 22:38:52,394 WARNING basehttp "GET /api/job_info/ HTTP/1.1" 404 5353
2019-01-18 22:38:52,427 WARNING basehttp "GET /api/stack_info/ HTTP/1.1" 404 5359
2019-01-18 22:38:54,396 WARNING basehttp "GET /api/action_num/ HTTP/1.1" 404 5359
2019-01-18 22:38:54,469 WARNING basehttp "GET /api/edu_info/ HTTP/1.1" 404 5353
2019-01-18 22:38:54,400 WARNING basehttp "GET /api/visite_num/1/ HTTP/1.1" 404 5365
2019-01-18 22:38:54,425 WARNING basehttp "GET /api/certificate_info/ HTTP/1.1" 404 5377
2019-01-18 22:38:54,470 WARNING basehttp "GET /api/job_info/ HTTP/1.1" 404 5353
2019-01-18 22:38:54,399 WARNING basehttp "GET /api/base_info/ HTTP/1.1" 404 5356
2019-01-18 22:38:54,556 WARNING basehttp "GET /api/stack_info/ HTTP/1.1" 404 5359
2019-01-18 22:38:54,585 WARNING basehttp "GET /api/pro_info/ HTTP/1.1" 404 5353
2019-01-18 22:38:57,865 WARNING basehttp "GET /api/action_num/ HTTP/1.1" 404 5359
2019-01-18 22:38:57,891 WARNING basehttp "GET /api/visite_num/1/ HTTP/1.1" 404 5365
2019-01-18 22:38:57,918 WARNING basehttp "GET /api/edu_info/ HTTP/1.1" 404 5353
2019-01-18 22:38:57,919 WARNING basehttp "GET /api/base_info/ HTTP/1.1" 404 5356
2019-01-18 22:38:57,946 WARNING basehttp "GET /api/certificate_info/ HTTP/1.1" 404 5377
2019-01-18 22:38:58,021 WARNING basehttp "GET /api/pro_info/ HTTP/1.1" 404 5353
2019-01-18 22:38:58,026 WARNING basehttp "GET /api/job_info/ HTTP/1.1" 404 5353
2019-01-18 22:38:58,027 WARNING basehttp "GET /api/stack_info/ HTTP/1.1" 404 5359
2019-01-18 22:39:21,325 WARNING basehttp "GET /api/action_num/ HTTP/1.1" 404 5359
2019-01-18 22:39:21,342 WARNING basehttp "GET /api/visite_num/1/ HTTP/1.1" 404 5365
2019-01-18 22:39:21,374 WARNING basehttp "GET /api/base_info/ HTTP/1.1" 404 5356
2019-01-18 22:39:21,443 WARNING basehttp "GET /api/certificate_info/ HTTP/1.1" 404 5377
2019-01-18 22:39:21,450 WARNING basehttp "GET /api/edu_info/ HTTP/1.1" 404 5353
2019-01-18 22:39:21,456 WARNING basehttp "GET /api/stack_info/ HTTP/1.1" 404 5359
2019-01-18 22:39:21,459 WARNING basehttp "GET /api/job_info/ HTTP/1.1" 404 5353
2019-01-18 22:39:21,465 WARNING basehttp "GET /api/pro_info/ HTTP/1.1" 404 5353
2019-01-18 22:39:44,789 WARNING basehttp "OPTIONS /api/message_info/ HTTP/1.1" 404 5369
2019-01-18 22:39:56,588 INFO basehttp "GET / HTTP/1.1" 200 32699
2019-01-18 22:39:56,659 INFO basehttp "GET /static/base.css HTTP/1.1" 200 2487
2019-01-18 22:39:56,682 INFO basehttp "GET /static/common-jquery.js HTTP/1.1" 200 2675
2019-01-18 22:39:56,696 INFO basehttp "GET /static/mysite/css/index.css HTTP/1.1" 200 6565
2019-01-18 22:39:56,697 INFO basehttp "GET /static/mysite/javascript/index.js HTTP/1.1" 200 2143
2019-01-18 22:39:56,708 INFO basehttp "GET /static/jquery-3.2.1.min.js HTTP/1.1" 200 86659
2019-01-18 22:39:56,758 INFO basehttp "GET /static/logo_w.png HTTP/1.1" 200 1202
2019-01-18 22:39:56,786 INFO basehttp "GET /upload/blog_main_img/8093a8e32692aab21154e42e268b0d62.jpg HTTP/1.1" 200 78163
2019-01-18 22:39:56,808 INFO basehttp "GET /upload/blog_main_img/81d409fb1af1033d557bd1e20e3c152d.jpg HTTP/1.1" 200 50522
2019-01-18 22:39:56,833 INFO basehttp "GET /upload/blog_main_img/8e55ef18b491eef894aa743dafa1b17a_2pkenHv.png HTTP/1.1" 200 168701
2019-01-18 22:39:56,852 INFO basehttp "GET /upload/blog_main_img/ac1f3567b3f539b243087a8cb5b104a1.jpg HTTP/1.1" 200 131000
2019-01-18 22:39:56,874 INFO basehttp "GET /upload/news_main_img/THq3-fyeimqy1894682.jpg HTTP/1.1" 200 31279
2019-01-18 22:39:56,891 INFO basehttp "GET /upload/news_main_img/41P2-fyeimqy2086098.jpg HTTP/1.1" 200 22917
2019-01-18 22:39:56,907 INFO basehttp "GET /upload/news_main_img/GNsc-fyeimrn2559266.jpg HTTP/1.1" 200 19290
2019-01-18 22:39:56,923 INFO basehttp "GET /upload/news_main_img/FPWT-fyeimqy2109864.jpg HTTP/1.1" 200 23870
2019-01-18 22:39:56,941 INFO basehttp "GET /upload/blog_main_img/c81e1d82ea8b47f5b305dfc336fd1967.jpg HTTP/1.1" 200 39237
2019-01-18 22:39:56,960 INFO basehttp "GET /upload/blog_main_img/46af689ebdc22795e65f8ccd560be1c7.jpg HTTP/1.1" 200 10904
2019-01-18 22:39:56,980 INFO basehttp "GET /upload/author_img/3412f12d76cfdeffe5ed1696b3b60e33.jpg HTTP/1.1" 200 7129
2019-01-18 22:39:56,997 INFO basehttp "GET /upload/author_img/80c34547616eb636c81ffa290f7ccf63.jpg HTTP/1.1" 200 11655
2019-01-18 22:39:57,160 INFO basehttp "GET /upload/url_logo/google.png HTTP/1.1" 200 422
2019-01-18 22:39:57,172 INFO basehttp "GET /upload/url_logo/baidu.ico HTTP/1.1" 200 5686
2019-01-18 22:39:57,173 INFO basehttp "GET /upload/url_logo/stackoverflow.png HTTP/1.1" 200 427
2019-01-18 22:39:57,191 INFO basehttp "GET /upload/url_logo/zhihu.ico HTTP/1.1" 200 6518
2019-01-18 22:39:57,198 INFO basehttp "GET /upload/url_logo/quora.png HTTP/1.1" 200 513
2019-01-18 22:39:57,207 INFO basehttp "GET /upload/url_logo/github.png HTTP/1.1" 200 331
2019-01-18 22:39:57,218 INFO basehttp "GET /upload/url_logo/csdn.png HTTP/1.1" 200 436
2019-01-18 22:39:57,230 INFO basehttp "GET /upload/url_logo/logo_osc.png HTTP/1.1" 200 2686
2019-01-18 22:39:57,234 INFO basehttp "GET /upload/url_logo/juejin.ico HTTP/1.1" 200 15086
2019-01-18 22:39:57,249 INFO basehttp "GET /upload/url_logo/sf.png HTTP/1.1" 200 623
2019-01-18 22:39:57,260 INFO basehttp "GET /upload/url_logo/codeproject.ico HTTP/1.1" 200 10990
2019-01-18 22:39:57,269 INFO basehttp "GET /upload/url_logo/coding.png HTTP/1.1" 200 563
2019-01-18 22:39:57,282 INFO basehttp "GET /upload/url_logo/cnblogs.ico HTTP/1.1" 200 5430
2019-01-18 22:39:57,292 INFO basehttp "GET /upload/url_logo/icon_rayps_64.png HTTP/1.1" 200 2451
2019-01-18 22:39:57,304 INFO basehttp "GET /upload/url_logo/jb51.png HTTP/1.1" 200 772
2019-01-18 22:39:57,315 INFO basehttp "GET /upload/url_logo/favicon.ico HTTP/1.1" 200 5430
2019-01-18 22:39:57,329 INFO basehttp "GET /upload/url_logo/36kr.ico HTTP/1.1" 200 6518
2019-01-18 22:39:57,341 INFO basehttp "GET /upload/url_logo/jianshu.ico HTTP/1.1" 200 4286
2019-01-18 22:39:57,354 INFO basehttp "GET /upload/url_logo/fi_aa997970.ico HTTP/1.1" 200 4286
2019-01-18 22:39:57,368 INFO basehttp "GET /upload/url_logo/aliyun.ico HTTP/1.1" 200 4286
2019-01-18 22:39:57,384 INFO basehttp "GET /static/mysite/images/icon/top.png HTTP/1.1" 200 2580
2019-01-18 22:39:57,393 INFO basehttp "GET /static/mysite/images/icon/feedback.png HTTP/1.1" 200 3582
2019-01-18 23:00:38,402 INFO basehttp "GET / HTTP/1.1" 200 32699
2019-01-18 23:00:38,471 INFO basehttp "GET /static/base.css HTTP/1.1" 200 2487
2019-01-18 23:00:38,472 INFO basehttp "GET /static/mysite/css/index.css HTTP/1.1" 200 6565
2019-01-18 23:00:38,489 INFO basehttp "GET /static/common-jquery.js HTTP/1.1" 200 2675
2019-01-18 23:00:38,489 INFO basehttp "GET /static/mysite/javascript/index.js HTTP/1.1" 200 2143
2019-01-18 23:00:38,500 INFO basehttp "GET /static/jquery-3.2.1.min.js HTTP/1.1" 200 86659
2019-01-18 23:00:38,511 INFO basehttp "GET /static/logo_w.png HTTP/1.1" 200 1202
2019-01-18 23:00:38,530 INFO basehttp "GET /upload/blog_main_img/8093a8e32692aab21154e42e268b0d62.jpg HTTP/1.1" 200 78163
2019-01-18 23:00:38,544 INFO basehttp "GET /upload/blog_main_img/81d409fb1af1033d557bd1e20e3c152d.jpg HTTP/1.1" 200 50522
2019-01-18 23:00:38,561 INFO basehttp "GET /upload/blog_main_img/8e55ef18b491eef894aa743dafa1b17a_2pkenHv.png HTTP/1.1" 200 168701
2019-01-18 23:00:38,580 INFO basehttp "GET /upload/blog_main_img/ac1f3567b3f539b243087a8cb5b104a1.jpg HTTP/1.1" 200 131000
2019-01-18 23:00:38,593 INFO basehttp "GET /upload/news_main_img/THq3-fyeimqy1894682.jpg HTTP/1.1" 200 31279
2019-01-18 23:00:38,608 INFO basehttp "GET /upload/news_main_img/41P2-fyeimqy2086098.jpg HTTP/1.1" 200 22917
2019-01-18 23:00:38,620 INFO basehttp "GET /upload/news_main_img/GNsc-fyeimrn2559266.jpg HTTP/1.1" 200 19290
2019-01-18 23:00:38,633 INFO basehttp "GET /upload/news_main_img/FPWT-fyeimqy2109864.jpg HTTP/1.1" 200 23870
2019-01-18 23:00:38,680 INFO basehttp "GET /upload/blog_main_img/c81e1d82ea8b47f5b305dfc336fd1967.jpg HTTP/1.1" 200 39237
2019-01-18 23:00:38,718 INFO basehttp "GET /upload/blog_main_img/46af689ebdc22795e65f8ccd560be1c7.jpg HTTP/1.1" 200 10904
2019-01-18 23:00:38,788 INFO basehttp "GET /upload/author_img/3412f12d76cfdeffe5ed1696b3b60e33.jpg HTTP/1.1" 200 7129
2019-01-18 23:00:38,825 INFO basehttp "GET /upload/author_img/80c34547616eb636c81ffa290f7ccf63.jpg HTTP/1.1" 200 11655
2019-01-18 23:00:39,088 INFO basehttp "GET /upload/url_logo/google.png HTTP/1.1" 200 422
2019-01-18 23:00:39,091 INFO basehttp "GET /upload/url_logo/baidu.ico HTTP/1.1" 200 5686
2019-01-18 23:00:39,136 INFO basehttp "GET /upload/url_logo/github.png HTTP/1.1" 200 331
2019-01-18 23:00:39,165 INFO basehttp "GET /upload/url_logo/stackoverflow.png HTTP/1.1" 200 427
2019-01-18 23:00:39,167 INFO basehttp "GET /upload/url_logo/zhihu.ico HTTP/1.1" 200 6518
2019-01-18 23:00:39,189 INFO basehttp "GET /upload/url_logo/quora.png HTTP/1.1" 200 513
2019-01-18 23:00:39,207 INFO basehttp "GET /upload/url_logo/csdn.png HTTP/1.1" 200 436
2019-01-18 23:00:39,212 INFO basehttp "GET /upload/url_logo/logo_osc.png HTTP/1.1" 200 2686
2019-01-18 23:00:39,223 INFO basehttp "GET /upload/url_logo/juejin.ico HTTP/1.1" 200 15086
2019-01-18 23:00:39,246 INFO basehttp "GET /upload/url_logo/sf.png HTTP/1.1" 200 623
2019-01-18 23:00:39,264 INFO basehttp "GET /upload/url_logo/codeproject.ico HTTP/1.1" 200 10990
2019-01-18 23:00:39,267 INFO basehttp "GET /upload/url_logo/coding.png HTTP/1.1" 200 563
2019-01-18 23:00:39,304 INFO basehttp "GET /upload/url_logo/cnblogs.ico HTTP/1.1" 200 5430
2019-01-18 23:00:39,320 INFO basehttp "GET /upload/url_logo/icon_rayps_64.png HTTP/1.1" 200 2451
2019-01-18 23:00:39,352 INFO basehttp "GET /upload/url_logo/jb51.png HTTP/1.1" 200 772
2019-01-18 23:00:39,355 INFO basehttp "GET /upload/url_logo/favicon.ico HTTP/1.1" 200 5430
2019-01-18 23:00:39,367 INFO basehttp "GET /upload/url_logo/36kr.ico HTTP/1.1" 200 6518
2019-01-18 23:00:39,395 INFO basehttp "GET /upload/url_logo/fi_aa997970.ico HTTP/1.1" 200 4286
2019-01-18 23:00:39,396 INFO basehttp "GET /upload/url_logo/jianshu.ico HTTP/1.1" 200 4286
2019-01-18 23:00:39,525 INFO basehttp "GET /static/mysite/images/icon/feedback.png HTTP/1.1" 200 3582
2019-01-18 23:00:39,525 INFO basehttp "GET /static/mysite/images/icon/top.png HTTP/1.1" 200 2580
2019-01-18 23:00:39,529 INFO basehttp "GET /upload/url_logo/aliyun.ico HTTP/1.1" 200 4286
2019-01-18 23:00:40,646 INFO basehttp "GET /static/m.png HTTP/1.1" 200 307
2019-01-18 23:01:00,846 ERROR basehttp "POST /ajax_feedback/ HTTP/1.1" 500 16128
2019-01-18 23:01:05,995 ERROR basehttp "POST /ajax_feedback/ HTTP/1.1" 500 16128
2019-01-18 23:01:09,624 ERROR basehttp "POST /ajax_feedback/ HTTP/1.1" 500 16128
2019-01-18 23:01:10,797 ERROR basehttp "POST /ajax_feedback/ HTTP/1.1" 500 16128
2019-01-18 23:01:11,107 ERROR basehttp "POST /ajax_feedback/ HTTP/1.1" 500 16128
2019-01-18 23:01:12,759 ERROR basehttp "POST /ajax_feedback/ HTTP/1.1" 500 16129
2019-01-18 23:01:19,435 ERROR basehttp "POST /ajax_feedback/ HTTP/1.1" 500 16128
2019-01-18 23:01:25,730 ERROR basehttp "POST /ajax_feedback/ HTTP/1.1" 500 16128
2019-01-18 23:01:27,160 ERROR basehttp "POST /ajax_feedback/ HTTP/1.1" 500 16131
2019-01-18 23:01:27,367 ERROR basehttp "POST /ajax_feedback/ HTTP/1.1" 500 16130
2019-01-18 23:01:28,767 ERROR basehttp "POST /ajax_feedback/ HTTP/1.1" 500 16130
2019-01-18 23:01:29,255 ERROR basehttp "POST /ajax_feedback/ HTTP/1.1" 500 16131
2019-01-18 23:01:37,847 ERROR basehttp "POST /ajax_feedback/ HTTP/1.1" 500 16130
2019-01-18 23:01:42,669 ERROR basehttp "POST /ajax_feedback/ HTTP/1.1" 500 16130
2019-01-18 23:01:44,882 ERROR basehttp "POST /ajax_feedback/ HTTP/1.1" 500 16131
2019-01-18 23:01:45,865 ERROR basehttp "POST /ajax_feedback/ HTTP/1.1" 500 16131
2019-01-18 23:01:46,170 ERROR basehttp "POST /ajax_feedback/ HTTP/1.1" 500 16130
2019-01-18 23:01:58,015 ERROR basehttp "POST /ajax_feedback/ HTTP/1.1" 500 16131
2019-01-18 23:02:19,181 INFO basehttp "POST /ajax_feedback/ HTTP/1.1" 200 4
2019-01-18 23:02:47,185 INFO basehttp "GET / HTTP/1.1" 200 32699
2019-01-18 23:02:54,766 INFO basehttp "GET /admin HTTP/1.1" 301 0
2019-01-18 23:02:54,897 INFO basehttp "GET /admin/ HTTP/1.1" 302 0
2019-01-18 23:02:54,954 INFO basehttp "GET /admin/login/?next=/admin/ HTTP/1.1" 200 1859
2019-01-18 23:02:55,027 INFO basehttp "GET /static/admin/css/responsive.css HTTP/1.1" 200 17894
2019-01-18 23:02:55,028 INFO basehttp "GET /static/admin/css/base.css HTTP/1.1" 200 16106
2019-01-18 23:02:55,048 INFO basehttp "GET /static/admin/css/login.css HTTP/1.1" 200 1203
2019-01-18 23:02:55,241 INFO basehttp "GET /static/admin/css/fonts.css HTTP/1.1" 200 423
2019-01-18 23:02:55,383 INFO basehttp "GET /static/admin/fonts/Roboto-Regular-webfont.woff HTTP/1.1" 200 80304
2019-01-18 23:02:55,431 INFO basehttp "GET /static/admin/fonts/Roboto-Light-webfont.woff HTTP/1.1" 200 81348
2019-01-18 23:02:55,475 WARNING basehttp "GET /favicon.ico HTTP/1.1" 404 5347
2019-01-18 23:02:57,443 INFO basehttp "POST /admin/login/?next=/admin/ HTTP/1.1" 302 0
2019-01-18 23:02:57,532 INFO basehttp "GET /admin/ HTTP/1.1" 200 12664
2019-01-18 23:02:57,590 INFO basehttp "GET /static/admin/css/dashboard.css HTTP/1.1" 200 412
2019-01-18 23:02:57,862 INFO basehttp "GET /static/admin/img/icon-addlink.svg HTTP/1.1" 200 331
2019-01-18 23:02:57,870 INFO basehttp "GET /static/admin/fonts/Roboto-Bold-webfont.woff HTTP/1.1" 200 82564
2019-01-18 23:02:57,879 INFO basehttp "GET /static/admin/img/icon-changelink.svg HTTP/1.1" 200 380
2019-01-18 23:02:57,891 INFO basehttp "GET /static/admin/img/icon-deletelink.svg HTTP/1.1" 200 392
2019-01-18 23:03:02,191 INFO basehttp "GET /admin/mysite/top_url/ HTTP/1.1" 200 12707
2019-01-18 23:03:02,246 INFO basehttp "GET /static/admin/css/changelists.css HTTP/1.1" 200 6170
2019-01-18 23:03:02,272 INFO basehttp "GET /admin/jsi18n/ HTTP/1.1" 200 3185
2019-01-18 23:03:02,289 INFO basehttp "GET /static/admin/js/jquery.init.js HTTP/1.1" 200 363
2019-01-18 23:03:02,313 INFO basehttp "GET /static/admin/js/vendor/jquery/jquery.js HTTP/1.1" 200 258648
2019-01-18 23:03:02,328 INFO basehttp "GET /static/admin/js/admin/RelatedObjectLookups.js HTTP/1.1" 200 6897
2019-01-18 23:03:02,334 INFO basehttp "GET /static/admin/js/actions.js HTTP/1.1" 200 6502
2019-01-18 23:03:02,343 INFO basehttp "GET /static/admin/js/prepopulate.js HTTP/1.1" 200 1538
2019-01-18 23:03:02,352 INFO basehttp "GET /static/admin/js/urlify.js HTTP/1.1" 200 8729
2019-01-18 23:03:02,355 INFO basehttp "GET /static/admin/js/core.js HTTP/1.1" 200 7134
2019-01-18 23:03:02,368 INFO basehttp "GET /static/admin/js/vendor/xregexp/xregexp.js HTTP/1.1" 200 128820
2019-01-18 23:03:02,608 INFO basehttp "GET /static/admin/img/tooltag-add.svg HTTP/1.1" 200 331
2019-01-18 23:03:02,623 INFO basehttp "GET /static/admin/img/sorting-icons.svg HTTP/1.1" 200 1097
2019-01-18 23:03:04,806 INFO basehttp "GET /admin/ HTTP/1.1" 200 12664
2019-01-18 23:03:07,538 INFO basehttp "GET /admin/mysite/feedback/ HTTP/1.1" 200 30819
2019-01-18 23:03:07,605 INFO basehttp "GET /admin/jsi18n/ HTTP/1.1" 200 3185
2019-01-18 23:03:18,635 INFO basehttp "POST /admin/mysite/feedback/ HTTP/1.1" 200 13931
2019-01-18 23:03:18,690 INFO basehttp "GET /static/admin/js/cancel.js HTTP/1.1" 200 204
2019-01-18 23:03:23,781 INFO basehttp "POST /admin/mysite/feedback/ HTTP/1.1" 302 0
2019-01-18 23:03:23,840 INFO basehttp "GET /admin/mysite/feedback/ HTTP/1.1" 200 3393
2019-01-18 23:03:23,920 INFO basehttp "GET /admin/jsi18n/ HTTP/1.1" 200 3185
2019-01-18 23:03:24,043 INFO basehttp "GET /static/admin/img/icon-yes.svg HTTP/1.1" 200 436
2019-01-19 00:23:39,307 INFO basehttp "GET / HTTP/1.1" 200 32699
2019-01-19 00:23:39,360 INFO basehttp "GET /static/base.css HTTP/1.1" 200 2487
2019-01-19 00:23:39,389 INFO basehttp "GET /static/mysite/css/index.css HTTP/1.1" 200 6565
2019-01-19 00:23:39,402 INFO basehttp "GET /static/common-jquery.js HTTP/1.1" 200 2675
2019-01-19 00:23:39,404 INFO basehttp "GET /static/mysite/javascript/index.js HTTP/1.1" 200 2143
2019-01-19 00:23:39,421 INFO basehttp "GET /static/jquery-3.2.1.min.js HTTP/1.1" 200 86659
2019-01-19 00:23:39,456 INFO basehttp "GET /static/logo_w.png HTTP/1.1" 200 1202
2019-01-19 00:23:39,484 INFO basehttp "GET /upload/blog_main_img/8093a8e32692aab21154e42e268b0d62.jpg HTTP/1.1" 200 78163
2019-01-19 00:23:39,501 INFO basehttp "GET /upload/blog_main_img/81d409fb1af1033d557bd1e20e3c152d.jpg HTTP/1.1" 200 50522
2019-01-19 00:23:39,525 INFO basehttp "GET /upload/blog_main_img/8e55ef18b491eef894aa743dafa1b17a_2pkenHv.png HTTP/1.1" 200 168701
2019-01-19 00:23:39,542 INFO basehttp "GET /upload/blog_main_img/ac1f3567b3f539b243087a8cb5b104a1.jpg HTTP/1.1" 200 131000
2019-01-19 00:23:39,557 INFO basehttp "GET /upload/news_main_img/THq3-fyeimqy1894682.jpg HTTP/1.1" 200 31279
2019-01-19 00:23:39,574 INFO basehttp "GET /upload/news_main_img/41P2-fyeimqy2086098.jpg HTTP/1.1" 200 22917
2019-01-19 00:23:39,593 INFO basehttp "GET /upload/news_main_img/GNsc-fyeimrn2559266.jpg HTTP/1.1" 200 19290
2019-01-19 00:23:39,608 INFO basehttp "GET /upload/news_main_img/FPWT-fyeimqy2109864.jpg HTTP/1.1" 200 23870
2019-01-19 00:23:39,627 INFO basehttp "GET /upload/blog_main_img/c81e1d82ea8b47f5b305dfc336fd1967.jpg HTTP/1.1" 200 39237
2019-01-19 00:23:39,641 INFO basehttp "GET /upload/blog_main_img/46af689ebdc22795e65f8ccd560be1c7.jpg HTTP/1.1" 200 10904
2019-01-19 00:23:39,659 INFO basehttp "GET /upload/author_img/3412f12d76cfdeffe5ed1696b3b60e33.jpg HTTP/1.1" 200 7129
2019-01-19 00:23:39,675 INFO basehttp "GET /upload/author_img/80c34547616eb636c81ffa290f7ccf63.jpg HTTP/1.1" 200 11655
2019-01-19 00:23:39,854 INFO basehttp "GET /upload/url_logo/google.png HTTP/1.1" 200 422
2019-01-19 00:23:39,860 INFO basehttp "GET /upload/url_logo/baidu.ico HTTP/1.1" 200 5686
2019-01-19 00:23:39,873 INFO basehttp "GET /upload/url_logo/github.png HTTP/1.1" 200 331
2019-01-19 00:23:39,892 INFO basehttp "GET /upload/url_logo/zhihu.ico HTTP/1.1" 200 6518
2019-01-19 00:23:39,893 INFO basehttp "GET /upload/url_logo/quora.png HTTP/1.1" 200 513
2019-01-19 00:23:39,899 INFO basehttp "GET /upload/url_logo/csdn.png HTTP/1.1" 200 436
2019-01-19 00:23:39,904 INFO basehttp "GET /upload/url_logo/stackoverflow.png HTTP/1.1" 200 427
2019-01-19 00:23:39,910 INFO basehttp "GET /upload/url_logo/logo_osc.png HTTP/1.1" 200 2686
2019-01-19 00:23:39,917 INFO basehttp "GET /upload/url_logo/juejin.ico HTTP/1.1" 200 15086
2019-01-19 00:23:39,932 INFO basehttp "GET /upload/url_logo/sf.png HTTP/1.1" 200 623
2019-01-19 00:23:39,943 INFO basehttp "GET /upload/url_logo/codeproject.ico HTTP/1.1" 200 10990
2019-01-19 00:23:39,956 INFO basehttp "GET /upload/url_logo/coding.png HTTP/1.1" 200 563
2019-01-19 00:23:39,968 INFO basehttp "GET /upload/url_logo/cnblogs.ico HTTP/1.1" 200 5430
2019-01-19 00:23:39,983 INFO basehttp "GET /upload/url_logo/icon_rayps_64.png HTTP/1.1" 200 2451
2019-01-19 00:23:39,994 INFO basehttp "GET /upload/url_logo/jb51.png HTTP/1.1" 200 772
2019-01-19 00:23:40,007 INFO basehttp "GET /upload/url_logo/favicon.ico HTTP/1.1" 200 5430
2019-01-19 00:23:40,020 INFO basehttp "GET /upload/url_logo/36kr.ico HTTP/1.1" 200 6518
2019-01-19 00:23:40,036 INFO basehttp "GET /upload/url_logo/jianshu.ico HTTP/1.1" 200 4286
2019-01-19 00:23:40,051 INFO basehttp "GET /upload/url_logo/fi_aa997970.ico HTTP/1.1" 200 4286
2019-01-19 00:23:40,067 INFO basehttp "GET /upload/url_logo/aliyun.ico HTTP/1.1" 200 4286
2019-01-19 00:23:40,078 INFO basehttp "GET /static/mysite/images/icon/top.png HTTP/1.1" 200 2580
2019-01-19 00:23:40,094 INFO basehttp "GET /static/mysite/images/icon/feedback.png HTTP/1.1" 200 3582
2019-01-19 00:23:41,846 INFO basehttp "GET /login/ HTTP/1.1" 200 2976
2019-01-19 00:23:41,902 INFO basehttp "GET /static/user_admin/css/login.css HTTP/1.1" 200 994
2019-01-19 00:23:45,965 INFO basehttp "GET /register/ HTTP/1.1" 200 3636
2019-01-19 00:23:46,023 INFO basehttp "GET /static/user_admin/css/register.css HTTP/1.1" 200 992
2019-01-19 00:23:46,057 INFO basehttp "GET /static/user_admin/javascript/register_jquery.js HTTP/1.1" 200 1564
2019-01-19 00:23:47,399 INFO basehttp "GET /login/ HTTP/1.1" 200 2985
2019-01-19 00:23:52,130 INFO basehttp "POST /login/ HTTP/1.1" 302 0
2019-01-19 00:23:52,232 INFO basehttp "GET / HTTP/1.1" 200 32759
2019-01-19 00:23:56,145 INFO basehttp "GET /tag/%E7%94%B5%E7%AB%9E/ HTTP/1.1" 200 3746
2019-01-19 00:23:56,223 INFO basehttp "GET /static/mysite/css/tag.css HTTP/1.1" 200 862
2019-01-19 00:23:56,360 INFO basehttp "GET /upload/news_main_img/ck9J-fyeimrn2553184.jpg HTTP/1.1" 200 19239
2019-01-19 00:23:57,782 INFO basehttp "GET /news-index/17/ HTTP/1.1" 200 15041
2019-01-19 00:23:57,857 INFO basehttp "GET /static/mysite/css/news-detail.css HTTP/1.1" 200 2464
2019-01-19 00:24:03,020 ERROR basehttp "POST /news-index/17/ HTTP/1.1" 500 67982
2019-01-19 00:24:03,695 WARNING basehttp "GET /favicon.ico HTTP/1.1" 404 5347
2019-01-19 00:24:22,997 INFO basehttp "GET /useradmin/ HTTP/1.1" 200 3920
2019-01-19 00:24:23,044 INFO basehttp "GET /static/useradmin_base.css HTTP/1.1" 200 1543
2019-01-19 00:24:23,055 INFO basehttp "GET /upload/author_img/user_normal.jpg HTTP/1.1" 200 1393
2019-01-19 00:24:24,821 INFO basehttp "GET /news-index/ HTTP/1.1" 200 16943
2019-01-19 00:24:24,884 INFO basehttp "GET /static/mysite/css/news-index.css HTTP/1.1" 200 2106
2019-01-19 00:24:24,886 INFO basehttp "GET /static/mysite/javascript/news-index.js HTTP/1.1" 200 831
2019-01-19 00:24:24,964 INFO basehttp "GET /upload/news_main_img/hx-E-fyeimrn2567364.jpg HTTP/1.1" 200 13201
2019-01-19 00:24:29,658 INFO basehttp "GET /news-index/18/ HTTP/1.1" 200 9402
2019-01-19 00:24:39,540 ERROR basehttp "POST /news-index/18/ HTTP/1.1" 500 68010
2019-01-19 00:25:21,369 INFO basehttp "GET / HTTP/1.1" 200 32759
2019-01-19 00:25:31,952 INFO basehttp "GET /blog-index/ HTTP/1.1" 200 17604
2019-01-19 00:25:32,037 INFO basehttp "GET /static/mysite/css/blog-index.css HTTP/1.1" 200 3910
2019-01-19 00:25:32,072 INFO basehttp "GET /static/mysite/images/img/blog_main_img.jpg HTTP/1.1" 200 282720
2019-01-19 00:25:32,097 INFO basehttp "GET /upload/tag_img/javascript_js_32px_1069206_easyicon.net.png HTTP/1.1" 200 2815
2019-01-19 00:25:32,121 INFO basehttp "GET /upload/tag_img/mysql_32px_1069208_easyicon.net.png HTTP/1.1" 200 2952
2019-01-19 00:25:32,138 INFO basehttp "GET /upload/tag_img/prog_django_32px_1097193_easyicon.net.png HTTP/1.1" 200 1164
2019-01-19 00:25:32,155 INFO basehttp "GET /upload/tag_img/python_32px_1118083_easyicon.net_cF2X5s0.png HTTP/1.1" 200 1528
2019-01-19 00:25:32,182 INFO basehttp "GET /upload/tag_img/android_26.944507361268px_1202540_easyicon.net.png HTTP/1.1" 200 1438
2019-01-19 00:25:32,200 INFO basehttp "GET /upload/tag_img/prog_php_32px_1097219_easyicon.net.png HTTP/1.1" 200 1133
2019-01-19 00:25:32,218 INFO basehttp "GET /upload/tag_img/OS_Linux_32px_1180141_easyicon.net.png HTTP/1.1" 200 1884
2019-01-19 00:25:32,235 INFO basehttp "GET /upload/tag_img/00387b8ca1ad2adc31f6d81c7f9033d4.jpg HTTP/1.1" 200 7775
2019-01-19 00:25:32,259 INFO basehttp "GET /upload/blog_main_img/96e427c1b1cd0fc30b7a054e5ab4ddec.jpg HTTP/1.1" 200 43791
2019-01-19 00:25:32,274 INFO basehttp "GET /upload/author_img/4a289648559a7289777a0428e167edb1.jpg HTTP/1.1" 200 8086
2019-01-19 00:25:32,296 INFO basehttp "GET /upload/author_img/2c506549704cdc1b00d205aea8a921fe.jpg HTTP/1.1" 200 6344
2019-01-19 00:25:32,315 INFO basehttp "GET /upload/author_img/901da872f7ef6236a3e385c5e8d71ba0.jpg HTTP/1.1" 200 6242
2019-01-19 00:25:32,477 INFO basehttp "GET /static/mysite/images/icon/comment.png HTTP/1.1" 200 3758
2019-01-19 00:25:32,496 INFO basehttp "GET /static/mysite/images/icon/tuijian.png HTTP/1.1" 200 787
2019-01-19 00:25:34,636 INFO basehttp "GET /blog-index/26/ HTTP/1.1" 200 19792
2019-01-19 00:25:34,695 INFO basehttp "GET /static/mysite/css/blog-detail.css HTTP/1.1" 200 2227
2019-01-19 00:25:34,938 INFO basehttp "GET /upload/author_img/2c6598ec0793ac41af46dd7f2900207b.jpg HTTP/1.1" 200 6612
2019-01-19 00:25:46,131 ERROR basehttp "POST /blog-index/26/ HTTP/1.1" 500 67465
